<?xml version="1.0" encoding="UTF-8"?>
<!-- Generated by org.testng.reporters.JUnitXMLReporter -->
<testsuite ignored="1" hostname="DESKTOP-GM3F5D1" failures="0" tests="2" name="Test" time="90.14" errors="0" timestamp="2021-10-08T12:22:38 IST">
  <testcase classname="com.vitiger.comcast.leadtest.LeadMissingMess" name="LeadMissingMess" time="32.482"/>
  <testcase classname="com.vitiger.comcast.leadtest.LeadMissingMess1" name="LeadMissingMess1" time="21.657"/>
  <testcase classname="com.crm.vitiger.GenericUtils.BaseClass" name="@BeforeSuite connectDB" time="0.0">
    <ignored/>
  </testcase> <!-- @BeforeSuite connectDB -->
</testsuite> <!-- Test -->
